{"timestamp":"2025-04-24T15:58:51.900Z","userId":null,"action":"error","details":{"name":"AuthenticationError","message":"Kullanıcı kimliği gerekli","type":"authentication","statusCode":401,"details":{},"timestamp":"2025-04-24T15:58:51.900Z"}}
{"timestamp":"2025-04-24T15:58:51.903Z","userId":null,"action":"error","details":{"name":"AuthenticationError","message":"Kullanıcı kimliği gerekli","type":"authentication","statusCode":401,"details":{},"timestamp":"2025-04-24T15:58:51.903Z"}}
{"timestamp":"2025-04-24T15:58:51.905Z","userId":null,"action":"error","details":{"name":"AuthenticationError","message":"Kullanıcı kimliği gerekli","type":"authentication","statusCode":401,"details":{},"timestamp":"2025-04-24T15:58:51.905Z"}}
{"timestamp":"2025-04-24T15:58:51.907Z","userId":null,"action":"error","details":{"name":"ValidationError","message":"Geçersiz giriş","type":"validation","statusCode":400,"details":{},"timestamp":"2025-04-24T15:58:51.907Z"}}
{"timestamp":"2025-04-24T15:58:51.908Z","userId":null,"action":"error","details":{"name":"AuthenticationError","message":"Kimlik doğrulama hatası","type":"authentication","statusCode":401,"details":{},"timestamp":"2025-04-24T15:58:51.908Z"}}
{"timestamp":"2025-04-24T15:58:51.909Z","userId":null,"action":"error","details":{"name":"AuthorizationError","message":"Yetkilendirme hatası","type":"authorization","statusCode":403,"details":{},"timestamp":"2025-04-24T15:58:51.909Z"}}
{"timestamp":"2025-04-24T15:58:51.910Z","userId":null,"action":"error","details":{"name":"ResourceNotFoundError","message":"Kaynak bulunamadı","type":"not_found","statusCode":404,"details":{},"timestamp":"2025-04-24T15:58:51.910Z"}}
{"timestamp":"2025-04-24T15:58:51.911Z","userId":null,"action":"error","details":{"name":"AppError","message":"Genel hata","type":500,"statusCode":500,"details":{},"timestamp":"2025-04-24T15:58:51.911Z"}}
{"timestamp":"2025-04-24T15:58:51.921Z","userId":1,"action":"login","details":{"timestamp":"2025-04-24T15:58:51.921Z"}}
{"timestamp":"2025-04-24T15:59:43.151Z","userId":null,"action":"error","details":{"name":"Error","message":"EISDIR: illegal operation on a directory, read","type":"error","statusCode":500,"details":{},"timestamp":"2025-04-24T15:59:43.151Z"}}
{"timestamp":"2025-04-24T15:59:43.154Z","userId":1,"action":"backup_auto","details":{"projectCount":0,"backupCount":0}}
{"timestamp":"2025-04-24T15:59:43.155Z","userId":1,"action":"backup_cleanup","details":{"deletedCount":0,"maxAge":7}}
{"timestamp":"2025-04-24T15:59:43.156Z","userId":null,"action":"error","details":{"name":"ValidationError","message":"Geçersiz giriş","type":"validation","statusCode":400,"details":{},"timestamp":"2025-04-24T15:59:43.156Z"}}
{"timestamp":"2025-04-24T15:59:43.157Z","userId":null,"action":"error","details":{"name":"AuthenticationError","message":"Kimlik doğrulama hatası","type":"authentication","statusCode":401,"details":{},"timestamp":"2025-04-24T15:59:43.157Z"}}
{"timestamp":"2025-04-24T15:59:43.158Z","userId":null,"action":"error","details":{"name":"AuthorizationError","message":"Yetkilendirme hatası","type":"authorization","statusCode":403,"details":{},"timestamp":"2025-04-24T15:59:43.158Z"}}
{"timestamp":"2025-04-24T15:59:43.159Z","userId":null,"action":"error","details":{"name":"ResourceNotFoundError","message":"Kaynak bulunamadı","type":"not_found","statusCode":404,"details":{},"timestamp":"2025-04-24T15:59:43.159Z"}}
{"timestamp":"2025-04-24T15:59:43.160Z","userId":null,"action":"error","details":{"name":"AppError","message":"Genel hata","type":500,"statusCode":500,"details":{},"timestamp":"2025-04-24T15:59:43.160Z"}}
{"timestamp":"2025-04-24T15:59:43.166Z","userId":1,"action":"login","details":{"timestamp":"2025-04-24T15:59:43.166Z"}}
{"timestamp":"2025-04-24T16:00:48.543Z","userId":null,"action":"error","details":{"name":"Error","message":"EISDIR: illegal operation on a directory, read","type":"error","statusCode":500,"details":{},"timestamp":"2025-04-24T16:00:48.543Z"}}
{"timestamp":"2025-04-24T16:00:48.545Z","userId":1,"action":"backup_auto","details":{"projectCount":0,"backupCount":0}}
{"timestamp":"2025-04-24T16:00:48.547Z","userId":1,"action":"backup_cleanup","details":{"deletedCount":0,"maxAge":7}}
{"timestamp":"2025-04-24T16:00:48.548Z","userId":null,"action":"error","details":{"name":"ValidationError","message":"Geçersiz giriş","type":"validation","statusCode":400,"details":{},"timestamp":"2025-04-24T16:00:48.548Z"}}
{"timestamp":"2025-04-24T16:00:48.549Z","userId":null,"action":"error","details":{"name":"AuthenticationError","message":"Kimlik doğrulama hatası","type":"authentication","statusCode":401,"details":{},"timestamp":"2025-04-24T16:00:48.549Z"}}
{"timestamp":"2025-04-24T16:00:48.550Z","userId":null,"action":"error","details":{"name":"AuthorizationError","message":"Yetkilendirme hatası","type":"authorization","statusCode":403,"details":{},"timestamp":"2025-04-24T16:00:48.550Z"}}
{"timestamp":"2025-04-24T16:00:48.551Z","userId":null,"action":"error","details":{"name":"ResourceNotFoundError","message":"Kaynak bulunamadı","type":"not_found","statusCode":404,"details":{},"timestamp":"2025-04-24T16:00:48.551Z"}}
{"timestamp":"2025-04-24T16:00:48.551Z","userId":null,"action":"error","details":{"name":"AppError","message":"Genel hata","type":500,"statusCode":500,"details":{},"timestamp":"2025-04-24T16:00:48.551Z"}}
{"timestamp":"2025-04-24T16:00:48.557Z","userId":1,"action":"login","details":{"timestamp":"2025-04-24T16:00:48.557Z"}}
{"timestamp":"2025-04-24T16:01:09.099Z","userId":null,"action":"error","details":{"name":"TypeError","message":"yield* (intermediate value)(intermediate value)(intermediate value)(intermediate value) is not async iterable","type":"error","statusCode":500,"details":{},"timestamp":"2025-04-24T16:01:09.099Z"}}
{"timestamp":"2025-04-24T16:01:09.101Z","userId":1,"action":"backup_auto","details":{"projectCount":0,"backupCount":0}}
{"timestamp":"2025-04-24T16:01:09.106Z","userId":1,"action":"backup_cleanup","details":{"deletedCount":0,"maxAge":7}}
{"timestamp":"2025-04-24T16:01:09.108Z","userId":null,"action":"error","details":{"name":"ValidationError","message":"Geçersiz giriş","type":"validation","statusCode":400,"details":{},"timestamp":"2025-04-24T16:01:09.108Z"}}
{"timestamp":"2025-04-24T16:01:09.109Z","userId":null,"action":"error","details":{"name":"AuthenticationError","message":"Kimlik doğrulama hatası","type":"authentication","statusCode":401,"details":{},"timestamp":"2025-04-24T16:01:09.109Z"}}
{"timestamp":"2025-04-24T16:01:09.112Z","userId":null,"action":"error","details":{"name":"AuthorizationError","message":"Yetkilendirme hatası","type":"authorization","statusCode":403,"details":{},"timestamp":"2025-04-24T16:01:09.112Z"}}
{"timestamp":"2025-04-24T16:01:09.113Z","userId":null,"action":"error","details":{"name":"ResourceNotFoundError","message":"Kaynak bulunamadı","type":"not_found","statusCode":404,"details":{},"timestamp":"2025-04-24T16:01:09.113Z"}}
{"timestamp":"2025-04-24T16:01:09.116Z","userId":null,"action":"error","details":{"name":"AppError","message":"Genel hata","type":500,"statusCode":500,"details":{},"timestamp":"2025-04-24T16:01:09.116Z"}}
{"timestamp":"2025-04-24T16:01:09.124Z","userId":1,"action":"login","details":{"timestamp":"2025-04-24T16:01:09.124Z"}}
{"timestamp":"2025-04-24T16:03:04.064Z","userId":1,"action":"backup_create","details":{"projectPath":"C:\\Users\\HP\\OneDrive\\Desktop\\mechbuild-editor2\\src\\test-project","backupPath":"C:\\Users\\HP\\OneDrive\\Desktop\\mechbuild-editor2\\backups\\backup_2025-04-24T16-03-04-053Z.tgz","size":168,"fileHash":"2648b2ba0c0f5e51e7d053ec81732dc93736d4c07e53a06fcf379a81a4a794fb"}}
{"timestamp":"2025-04-24T16:03:04.067Z","userId":1,"action":"backup_auto","details":{"projectCount":0,"backupCount":0}}
{"timestamp":"2025-04-24T16:03:04.070Z","userId":1,"action":"backup_cleanup","details":{"deletedCount":4,"maxAge":7}}
{"timestamp":"2025-04-24T16:03:04.072Z","userId":null,"action":"error","details":{"name":"ValidationError","message":"Geçersiz giriş","type":"validation","statusCode":400,"details":{},"timestamp":"2025-04-24T16:03:04.072Z"}}
{"timestamp":"2025-04-24T16:03:04.073Z","userId":null,"action":"error","details":{"name":"AuthenticationError","message":"Kimlik doğrulama hatası","type":"authentication","statusCode":401,"details":{},"timestamp":"2025-04-24T16:03:04.073Z"}}
{"timestamp":"2025-04-24T16:03:04.074Z","userId":null,"action":"error","details":{"name":"AuthorizationError","message":"Yetkilendirme hatası","type":"authorization","statusCode":403,"details":{},"timestamp":"2025-04-24T16:03:04.074Z"}}
{"timestamp":"2025-04-24T16:03:04.076Z","userId":null,"action":"error","details":{"name":"ResourceNotFoundError","message":"Kaynak bulunamadı","type":"not_found","statusCode":404,"details":{},"timestamp":"2025-04-24T16:03:04.076Z"}}
{"timestamp":"2025-04-24T16:03:04.077Z","userId":null,"action":"error","details":{"name":"AppError","message":"Genel hata","type":500,"statusCode":500,"details":{},"timestamp":"2025-04-24T16:03:04.077Z"}}
{"timestamp":"2025-04-24T16:03:04.084Z","userId":1,"action":"login","details":{"timestamp":"2025-04-24T16:03:04.084Z"}}
{"timestamp":"2025-04-24T16:21:37.949Z","userId":1,"action":"error","details":{"name":"TypeError","message":"The \"cb\" argument must be of type function. Received undefined","type":"error","statusCode":500,"details":{},"timestamp":"2025-04-24T16:21:37.948Z"}}
{"timestamp":"2025-04-24T16:21:37.958Z","userId":null,"action":"error","details":{"name":"ValidationError","message":"Geçersiz giriş","type":"validation","statusCode":400,"details":{},"timestamp":"2025-04-24T16:21:37.958Z"}}
{"timestamp":"2025-04-24T16:21:37.960Z","userId":null,"action":"error","details":{"name":"AuthenticationError","message":"Kimlik doğrulama hatası","type":"authentication","statusCode":401,"details":{},"timestamp":"2025-04-24T16:21:37.960Z"}}
{"timestamp":"2025-04-24T16:21:37.961Z","userId":null,"action":"error","details":{"name":"AuthorizationError","message":"Yetkilendirme hatası","type":"authorization","statusCode":403,"details":{},"timestamp":"2025-04-24T16:21:37.961Z"}}
{"timestamp":"2025-04-24T16:21:37.965Z","userId":null,"action":"error","details":{"name":"ResourceNotFoundError","message":"Kaynak bulunamadı","type":"not_found","statusCode":404,"details":{},"timestamp":"2025-04-24T16:21:37.965Z"}}
{"timestamp":"2025-04-24T16:21:37.966Z","userId":null,"action":"error","details":{"name":"AppError","message":"Genel hata","type":500,"statusCode":500,"details":{},"timestamp":"2025-04-24T16:21:37.966Z"}}
{"timestamp":"2025-04-24T16:21:37.975Z","userId":1,"action":"login","details":{"timestamp":"2025-04-24T16:21:37.975Z"}}
{"timestamp":"2025-04-24T16:21:53.186Z","userId":1,"action":"error","details":{"name":"TypeError","message":"The \"cb\" argument must be of type function. Received undefined","type":"error","statusCode":500,"details":{},"timestamp":"2025-04-24T16:21:53.185Z"}}
{"timestamp":"2025-04-24T16:21:53.193Z","userId":null,"action":"error","details":{"name":"ValidationError","message":"Geçersiz giriş","type":"validation","statusCode":400,"details":{},"timestamp":"2025-04-24T16:21:53.193Z"}}
{"timestamp":"2025-04-24T16:21:53.197Z","userId":null,"action":"error","details":{"name":"AuthenticationError","message":"Kimlik doğrulama hatası","type":"authentication","statusCode":401,"details":{},"timestamp":"2025-04-24T16:21:53.197Z"}}
{"timestamp":"2025-04-24T16:21:53.201Z","userId":null,"action":"error","details":{"name":"AuthorizationError","message":"Yetkilendirme hatası","type":"authorization","statusCode":403,"details":{},"timestamp":"2025-04-24T16:21:53.201Z"}}
{"timestamp":"2025-04-24T16:21:53.204Z","userId":null,"action":"error","details":{"name":"ResourceNotFoundError","message":"Kaynak bulunamadı","type":"not_found","statusCode":404,"details":{},"timestamp":"2025-04-24T16:21:53.204Z"}}
{"timestamp":"2025-04-24T16:21:53.209Z","userId":null,"action":"error","details":{"name":"AppError","message":"Genel hata","type":500,"statusCode":500,"details":{},"timestamp":"2025-04-24T16:21:53.209Z"}}
{"timestamp":"2025-04-24T16:21:53.217Z","userId":1,"action":"login","details":{"timestamp":"2025-04-24T16:21:53.217Z"}}
{"timestamp":"2025-04-24T16:23:48.541Z","userId":1,"action":"error","details":{"name":"TypeError","message":"The \"cb\" argument must be of type function. Received undefined","type":"error","statusCode":500,"details":{},"timestamp":"2025-04-24T16:23:48.541Z"}}
{"timestamp":"2025-04-24T16:23:48.547Z","userId":null,"action":"error","details":{"name":"ValidationError","message":"Geçersiz giriş","type":"validation","statusCode":400,"details":{},"timestamp":"2025-04-24T16:23:48.547Z"}}
{"timestamp":"2025-04-24T16:23:48.552Z","userId":null,"action":"error","details":{"name":"AuthenticationError","message":"Kimlik doğrulama hatası","type":"authentication","statusCode":401,"details":{},"timestamp":"2025-04-24T16:23:48.551Z"}}
{"timestamp":"2025-04-24T16:23:48.555Z","userId":null,"action":"error","details":{"name":"AuthorizationError","message":"Yetkilendirme hatası","type":"authorization","statusCode":403,"details":{},"timestamp":"2025-04-24T16:23:48.555Z"}}
{"timestamp":"2025-04-24T16:23:48.559Z","userId":null,"action":"error","details":{"name":"ResourceNotFoundError","message":"Kaynak bulunamadı","type":"not_found","statusCode":404,"details":{},"timestamp":"2025-04-24T16:23:48.559Z"}}
{"timestamp":"2025-04-24T16:23:48.563Z","userId":null,"action":"error","details":{"name":"AppError","message":"Genel hata","type":500,"statusCode":500,"details":{},"timestamp":"2025-04-24T16:23:48.563Z"}}
{"timestamp":"2025-04-24T16:23:48.577Z","userId":1,"action":"login","details":{"timestamp":"2025-04-24T16:23:48.577Z"}}
{"timestamp":"2025-04-24T16:24:41.713Z","userId":1,"action":"error","details":{"name":"TypeError","message":"The \"cb\" argument must be of type function. Received undefined","type":"error","statusCode":500,"details":{},"timestamp":"2025-04-24T16:24:41.712Z"}}
{"timestamp":"2025-04-24T16:24:41.720Z","userId":null,"action":"error","details":{"name":"ValidationError","message":"Geçersiz giriş","type":"validation","statusCode":400,"details":{},"timestamp":"2025-04-24T16:24:41.720Z"}}
{"timestamp":"2025-04-24T16:24:41.723Z","userId":null,"action":"error","details":{"name":"AuthenticationError","message":"Kimlik doğrulama hatası","type":"authentication","statusCode":401,"details":{},"timestamp":"2025-04-24T16:24:41.723Z"}}
{"timestamp":"2025-04-24T16:24:41.726Z","userId":null,"action":"error","details":{"name":"AuthorizationError","message":"Yetkilendirme hatası","type":"authorization","statusCode":403,"details":{},"timestamp":"2025-04-24T16:24:41.726Z"}}
{"timestamp":"2025-04-24T16:24:41.730Z","userId":null,"action":"error","details":{"name":"ResourceNotFoundError","message":"Kaynak bulunamadı","type":"not_found","statusCode":404,"details":{},"timestamp":"2025-04-24T16:24:41.730Z"}}
{"timestamp":"2025-04-24T16:24:41.736Z","userId":null,"action":"error","details":{"name":"AppError","message":"Genel hata","type":500,"statusCode":500,"details":{},"timestamp":"2025-04-24T16:24:41.736Z"}}
{"timestamp":"2025-04-24T16:24:41.744Z","userId":1,"action":"login","details":{"timestamp":"2025-04-24T16:24:41.744Z"}}
{"timestamp":"2025-04-24T16:25:32.932Z","userId":1,"action":"backup_auto","details":{"projectCount":0,"backupCount":0}}
{"timestamp":"2025-04-24T16:25:32.946Z","userId":1,"action":"backup_cleanup","details":{"deletedCount":0,"maxAge":604800000}}
{"timestamp":"2025-04-24T16:25:32.990Z","userId":null,"action":"error","details":{"name":"ValidationError","message":"Geçersiz giriş","type":"validation","statusCode":400,"details":{},"timestamp":"2025-04-24T16:25:32.989Z"}}
{"timestamp":"2025-04-24T16:25:32.997Z","userId":null,"action":"error","details":{"name":"AuthenticationError","message":"Kimlik doğrulama hatası","type":"authentication","statusCode":401,"details":{},"timestamp":"2025-04-24T16:25:32.997Z"}}
{"timestamp":"2025-04-24T16:25:33.006Z","userId":null,"action":"error","details":{"name":"AuthorizationError","message":"Yetkilendirme hatası","type":"authorization","statusCode":403,"details":{},"timestamp":"2025-04-24T16:25:33.006Z"}}
{"timestamp":"2025-04-24T16:25:33.012Z","userId":null,"action":"error","details":{"name":"ResourceNotFoundError","message":"Kaynak bulunamadı","type":"not_found","statusCode":404,"details":{},"timestamp":"2025-04-24T16:25:33.012Z"}}
{"timestamp":"2025-04-24T16:25:33.024Z","userId":null,"action":"error","details":{"name":"AppError","message":"Genel hata","type":500,"statusCode":500,"details":{},"timestamp":"2025-04-24T16:25:33.024Z"}}
{"timestamp":"2025-04-24T16:25:33.037Z","userId":1,"action":"login","details":{"timestamp":"2025-04-24T16:25:33.037Z"}}
{"timestamp":"2025-04-24T16:26:17.549Z","userId":1,"action":"backup_auto","details":{"projectCount":0,"backupCount":0}}
{"timestamp":"2025-04-24T16:26:17.554Z","userId":1,"action":"backup_cleanup","details":{"deletedCount":0,"maxAge":604800000}}
{"timestamp":"2025-04-24T16:26:17.611Z","userId":null,"action":"error","details":{"name":"ValidationError","message":"Geçersiz giriş","type":"validation","statusCode":400,"details":{},"timestamp":"2025-04-24T16:26:17.611Z"}}
{"timestamp":"2025-04-24T16:26:17.615Z","userId":null,"action":"error","details":{"name":"AuthenticationError","message":"Kimlik doğrulama hatası","type":"authentication","statusCode":401,"details":{},"timestamp":"2025-04-24T16:26:17.615Z"}}
{"timestamp":"2025-04-24T16:26:17.622Z","userId":null,"action":"error","details":{"name":"AuthorizationError","message":"Yetkilendirme hatası","type":"authorization","statusCode":403,"details":{},"timestamp":"2025-04-24T16:26:17.622Z"}}
{"timestamp":"2025-04-24T16:26:17.628Z","userId":null,"action":"error","details":{"name":"ResourceNotFoundError","message":"Kaynak bulunamadı","type":"not_found","statusCode":404,"details":{},"timestamp":"2025-04-24T16:26:17.628Z"}}
{"timestamp":"2025-04-24T16:26:17.632Z","userId":null,"action":"error","details":{"name":"AppError","message":"Genel hata","type":500,"statusCode":500,"details":{},"timestamp":"2025-04-24T16:26:17.632Z"}}
{"timestamp":"2025-04-24T16:26:17.644Z","userId":1,"action":"login","details":{"timestamp":"2025-04-24T16:26:17.644Z"}}
{"timestamp":"2025-04-24T16:27:07.735Z","userId":1,"action":"backup_auto","details":{"projectCount":0,"backupCount":0}}
{"timestamp":"2025-04-24T16:27:07.739Z","userId":1,"action":"backup_cleanup","details":{"deletedCount":0,"maxAge":604800000}}
{"timestamp":"2025-04-24T16:27:07.767Z","userId":null,"action":"error","details":{"name":"ValidationError","message":"Geçersiz giriş","type":"validation","statusCode":400,"details":{},"timestamp":"2025-04-24T16:27:07.767Z"}}
{"timestamp":"2025-04-24T16:27:07.776Z","userId":null,"action":"error","details":{"name":"AuthenticationError","message":"Kimlik doğrulama hatası","type":"authentication","statusCode":401,"details":{},"timestamp":"2025-04-24T16:27:07.776Z"}}
{"timestamp":"2025-04-24T16:27:07.784Z","userId":null,"action":"error","details":{"name":"AuthorizationError","message":"Yetkilendirme hatası","type":"authorization","statusCode":403,"details":{},"timestamp":"2025-04-24T16:27:07.784Z"}}
{"timestamp":"2025-04-24T16:27:07.789Z","userId":null,"action":"error","details":{"name":"ResourceNotFoundError","message":"Kaynak bulunamadı","type":"not_found","statusCode":404,"details":{},"timestamp":"2025-04-24T16:27:07.789Z"}}
{"timestamp":"2025-04-24T16:27:07.793Z","userId":null,"action":"error","details":{"name":"AppError","message":"Genel hata","type":500,"statusCode":500,"details":{},"timestamp":"2025-04-24T16:27:07.793Z"}}
{"timestamp":"2025-04-24T16:27:07.804Z","userId":1,"action":"login","details":{"timestamp":"2025-04-24T16:27:07.804Z"}}
